P4MissionsDemo/build/outputs/logs/manifest-merger-debug-report.txt
-- Merging decision tree log ---
manifest
ADDED from src\main\AndroidManifest.xml:1:1-91:12
INJECTED from src\main\AndroidManifest.xml:1:1-91:12
INJECTED from src\main\AndroidManifest.xml:1:1-91:12
INJECTED from src\main\AndroidManifest.xml:1:1-91:12
MERGED from [com.android.support:appcompat-v7:27.1.0] AndroidManifest.xml:17:1-22:12
MERGED from [com.android.support:multidex:1.0.3] AndroidManifest.xml:17:1-22:12
MERGED from [com.dji:dji-sdk:4.4.1] AndroidManifest.xml:2:1-78:12
MERGED from [com.android.support:support-fragment:27.1.0] AndroidManifest.xml:17:1-22:12
MERGED from [com.android.support:animated-vector-drawable:27.1.0] AndroidManifest.xml:17:1-22:12
MERGED from [com.android.support:support-core-ui:27.1.0] AndroidManifest.xml:17:1-22:12
MERGED from [com.android.support:support-core-utils:27.1.0] AndroidManifest.xml:17:1-22:12
MERGED from [com.android.support:support-vector-drawable:27.1.0] AndroidManifest.xml:17:1-22:12
MERGED from [com.android.support:support-compat:27.1.0] AndroidManifest.xml:17:1-22:12
MERGED from [android.arch.lifecycle:livedata-core:1.1.0] AndroidManifest.xml:17:1-22:12
MERGED from [android.arch.lifecycle:viewmodel:1.1.0] AndroidManifest.xml:17:1-22:12
MERGED from [android.arch.lifecycle:runtime:1.1.0] AndroidManifest.xml:17:1-22:12
MERGED from [android.arch.core:runtime:1.1.0] AndroidManifest.xml:17:1-22:12
INJECTED from src\main\AndroidManifest.xml:1:1-91:12
INJECTED from src\main\AndroidManifest.xml:1:1-91:12
INJECTED from src\main\AndroidManifest.xml:1:1-91:12
	package
		ADDED from src\main\AndroidManifest.xml:3:5-37
		INJECTED from src\main\AndroidManifest.xml
		INJECTED from src\main\AndroidManifest.xml
	android:versionName
		INJECTED from src\main\AndroidManifest.xml
		ADDED from src\main\AndroidManifest.xml:1:1-91:12
		INJECTED from src\main\AndroidManifest.xml
	xmlns:tools
		ADDED from src\main\AndroidManifest.xml:2:5-51
	android:versionCode
		INJECTED from src\main\AndroidManifest.xml
		ADDED from src\main\AndroidManifest.xml:1:1-91:12
		INJECTED from src\main\AndroidManifest.xml
	xmlns:android
		ADDED from src\main\AndroidManifest.xml:1:11-69
uses-permission#android.permission.BLUETOOTH
ADDED from src\main\AndroidManifest.xml:5:5-68
MERGED from [com.dji:dji-sdk:4.4.1] AndroidManifest.xml:11:5-68
MERGED from [com.dji:dji-sdk:4.4.1] AndroidManifest.xml:11:5-68
	android:name
		ADDED from src\main\AndroidManifest.xml:5:22-65
uses-permission#android.permission.BLUETOOTH_ADMIN
ADDED from src\main\AndroidManifest.xml:6:5-74
MERGED from [com.dji:dji-sdk:4.4.1] AndroidManifest.xml:12:5-74
MERGED from [com.dji:dji-sdk:4.4.1] AndroidManifest.xml:12:5-74
	android:name
		ADDED from src\main\AndroidManifest.xml:6:22-71
uses-permission#android.permission.VIBRATE
ADDED from src\main\AndroidManifest.xml:7:5-66
MERGED from [com.dji:dji-sdk:4.4.1] AndroidManifest.xml:35:5-66
MERGED from [com.dji:dji-sdk:4.4.1] AndroidManifest.xml:35:5-66
	android:name
		ADDED from src\main\AndroidManifest.xml:7:22-63
uses-permission#android.permission.INTERNET
ADDED from src\main\AndroidManifest.xml:8:5-67
	android:name
		ADDED from src\main\AndroidManifest.xml:8:22-64
uses-permission#android.permission.ACCESS_WIFI_STATE
ADDED from src\main\AndroidManifest.xml:9:5-76
MERGED from [com.dji:dji-sdk:4.4.1] AndroidManifest.xml:21:5-76
MERGED from [com.dji:dji-sdk:4.4.1] AndroidManifest.xml:21:5-76
	android:name
		ADDED from src\main\AndroidManifest.xml:9:22-73
uses-permission#android.permission.WAKE_LOCK
ADDED from src\main\AndroidManifest.xml:10:5-68
MERGED from [com.dji:dji-sdk:4.4.1] AndroidManifest.xml:20:5-68
MERGED from [com.dji:dji-sdk:4.4.1] AndroidManifest.xml:20:5-68
	android:name
		ADDED from src\main\AndroidManifest.xml:10:22-65
uses-permission#android.permission.ACCESS_COARSE_LOCATION
ADDED from src\main\AndroidManifest.xml:11:5-81
MERGED from [com.dji:dji-sdk:4.4.1] AndroidManifest.xml:17:5-81
MERGED from [com.dji:dji-sdk:4.4.1] AndroidManifest.xml:17:5-81
	android:name
		ADDED from src\main\AndroidManifest.xml:11:22-78
uses-permission#android.permission.ACCESS_NETWORK_STATE
ADDED from src\main\AndroidManifest.xml:12:5-79
MERGED from [com.dji:dji-sdk:4.4.1] AndroidManifest.xml:13:5-79
MERGED from [com.dji:dji-sdk:4.4.1] AndroidManifest.xml:13:5-79
	android:name
		ADDED from src\main\AndroidManifest.xml:12:22-76
uses-permission#android.permission.ACCESS_FINE_LOCATION
ADDED from src\main\AndroidManifest.xml:13:5-79
MERGED from [com.dji:dji-sdk:4.4.1] AndroidManifest.xml:18:5-79
MERGED from [com.dji:dji-sdk:4.4.1] AndroidManifest.xml:18:5-79
	android:name
		ADDED from src\main\AndroidManifest.xml:13:22-76
uses-permission#android.permission.CHANGE_WIFI_STATE
ADDED from src\main\AndroidManifest.xml:14:5-76
MERGED from [com.dji:dji-sdk:4.4.1] AndroidManifest.xml:39:5-76
MERGED from [com.dji:dji-sdk:4.4.1] AndroidManifest.xml:39:5-76
	android:name
		ADDED from src\main\AndroidManifest.xml:14:22-73
uses-permission#android.permission.MOUNT_UNMOUNT_FILESYSTEMS
ADDED from src\main\AndroidManifest.xml:15:5-84
MERGED from [com.dji:dji-sdk:4.4.1] AndroidManifest.xml:26:5-84
MERGED from [com.dji:dji-sdk:4.4.1] AndroidManifest.xml:26:5-84
	android:name
		ADDED from src\main\AndroidManifest.xml:15:22-81
uses-permission#android.permission.WRITE_EXTERNAL_STORAGE
ADDED from src\main\AndroidManifest.xml:16:5-81
MERGED from [com.dji:dji-sdk:4.4.1] AndroidManifest.xml:15:5-81
MERGED from [com.dji:dji-sdk:4.4.1] AndroidManifest.xml:15:5-81
	android:name
		ADDED from src\main\AndroidManifest.xml:16:22-78
uses-permission#android.permission.READ_EXTERNAL_STORAGE
ADDED from src\main\AndroidManifest.xml:17:5-80
	android:name
		ADDED from src\main\AndroidManifest.xml:17:22-77
uses-permission#android.permission.SYSTEM_ALERT_WINDOW
ADDED from src\main\AndroidManifest.xml:18:5-78
MERGED from [com.dji:dji-sdk:4.4.1] AndroidManifest.xml:23:5-78
MERGED from [com.dji:dji-sdk:4.4.1] AndroidManifest.xml:23:5-78
	android:name
		ADDED from src\main\AndroidManifest.xml:18:22-75
uses-permission#android.permission.READ_PHONE_STATE
ADDED from src\main\AndroidManifest.xml:19:5-75
MERGED from [com.dji:dji-sdk:4.4.1] AndroidManifest.xml:40:5-75
MERGED from [com.dji:dji-sdk:4.4.1] AndroidManifest.xml:40:5-75
	android:name
		ADDED from src\main\AndroidManifest.xml:19:22-72
uses-feature#android.hardware.camera
ADDED from src\main\AndroidManifest.xml:21:5-60
	android:name
		ADDED from src\main\AndroidManifest.xml:21:19-57
uses-feature#android.hardware.camera.autofocus
ADDED from src\main\AndroidManifest.xml:22:5-70
	android:name
		ADDED from src\main\AndroidManifest.xml:22:19-67
uses-feature#android.hardware.usb.host
ADDED from src\main\AndroidManifest.xml:23:5-25:36
MERGED from [com.dji:dji-sdk:4.4.1] AndroidManifest.xml:53:5-55:36
MERGED from [com.dji:dji-sdk:4.4.1] AndroidManifest.xml:53:5-55:36
	android:required
		ADDED from src\main\AndroidManifest.xml:25:9-33
	android:name
		ADDED from src\main\AndroidManifest.xml:24:9-49
uses-feature#android.hardware.usb.accessory
ADDED from src\main\AndroidManifest.xml:26:5-28:35
MERGED from [com.dji:dji-sdk:4.4.1] AndroidManifest.xml:56:5-58:35
MERGED from [com.dji:dji-sdk:4.4.1] AndroidManifest.xml:56:5-58:35
	android:required
		ADDED from src\main\AndroidManifest.xml:28:9-32
	android:name
		ADDED from src\main\AndroidManifest.xml:27:9-54
application
ADDED from src\main\AndroidManifest.xml:30:5-89:19
MERGED from [com.dji:dji-sdk:4.4.1] AndroidManifest.xml:60:5-76:19
MERGED from [com.dji:dji-sdk:4.4.1] AndroidManifest.xml:60:5-76:19
	android:label
		ADDED from src\main\AndroidManifest.xml:35:9-41
	android:icon
		ADDED from src\main\AndroidManifest.xml:34:9-45
	android:allowBackup
		ADDED from src\main\AndroidManifest.xml:32:9-35
	tools:replace
		ADDED from src\main\AndroidManifest.xml:33:9-37
	android:name
		ADDED from src\main\AndroidManifest.xml:31:9-37
uses-library#com.android.future.usb.accessory
ADDED from src\main\AndroidManifest.xml:39:9-73
	android:name
		ADDED from src\main\AndroidManifest.xml:39:23-70
meta-data#com.dji.sdk.API_KEY
ADDED from src\main\AndroidManifest.xml:41:9-43:56
	android:value
		ADDED from src\main\AndroidManifest.xml:43:13-53
	android:name
		ADDED from src\main\AndroidManifest.xml:42:13-47
activity#dji.sdk.sdkmanager.DJIAoaControllerActivity
ADDED from src\main\AndroidManifest.xml:45:9-55:20
	android:theme
		ADDED from src\main\AndroidManifest.xml:47:13-61
	android:name
		ADDED from src\main\AndroidManifest.xml:46:13-71
intent-filter#action:name:android.hardware.usb.action.USB_ACCESSORY_ATTACHED
ADDED from src\main\AndroidManifest.xml:48:13-50:29
action#android.hardware.usb.action.USB_ACCESSORY_ATTACHED
ADDED from src\main\AndroidManifest.xml:49:17-93
	android:name
		ADDED from src\main\AndroidManifest.xml:49:25-90
meta-data#android.hardware.usb.action.USB_ACCESSORY_ATTACHED
ADDED from src\main\AndroidManifest.xml:52:13-54:60
	android:resource
		ADDED from src\main\AndroidManifest.xml:54:17-57
	android:name
		ADDED from src\main\AndroidManifest.xml:53:17-82
service#dji.sdk.sdkmanager.DJIGlobalService
ADDED from src\main\AndroidManifest.xml:57:9-58:19
MERGED from [com.dji:dji-sdk:4.4.1] AndroidManifest.xml:61:9-63:43
MERGED from [com.dji:dji-sdk:4.4.1] AndroidManifest.xml:61:9-63:43
	android:stopWithTask
		ADDED from [com.dji:dji-sdk:4.4.1] AndroidManifest.xml:63:13-40
	android:name
		ADDED from src\main\AndroidManifest.xml:57:18-68
activity#com.dji.P4MissionsDemo.MainActivity
ADDED from src\main\AndroidManifest.xml:62:9-73:20
	android:screenOrientation
		ADDED from src\main\AndroidManifest.xml:66:13-50
	android:label
		ADDED from src\main\AndroidManifest.xml:65:13-64
	android:configChanges
		ADDED from src\main\AndroidManifest.xml:64:13-59
	android:theme
		ADDED from src\main\AndroidManifest.xml:67:13-71
	android:name
		ADDED from src\main\AndroidManifest.xml:63:13-41
intent-filter#action:name:android.intent.action.MAIN+category:name:android.intent.category.LAUNCHER
ADDED from src\main\AndroidManifest.xml:68:13-72:29
action#android.intent.action.MAIN
ADDED from src\main\AndroidManifest.xml:69:17-69
	android:name
		ADDED from src\main\AndroidManifest.xml:69:25-66
category#android.intent.category.LAUNCHER
ADDED from src\main\AndroidManifest.xml:71:17-77
	android:name
		ADDED from src\main\AndroidManifest.xml:71:27-74
activity#com.dji.P4MissionsDemo.TrackingTestActivity
ADDED from src\main\AndroidManifest.xml:75:9-81:20
	android:screenOrientation
		ADDED from src\main\AndroidManifest.xml:79:13-50
	android:label
		ADDED from src\main\AndroidManifest.xml:77:13-65
	android:launchMode
		ADDED from src\main\AndroidManifest.xml:78:13-48
	android:theme
		ADDED from src\main\AndroidManifest.xml:80:13-77
	android:name
		ADDED from src\main\AndroidManifest.xml:76:13-49
activity#com.dji.P4MissionsDemo.PointingTestActivity
ADDED from src\main\AndroidManifest.xml:82:9-88:20
	android:screenOrientation
		ADDED from src\main\AndroidManifest.xml:86:13-50
	android:label
		ADDED from src\main\AndroidManifest.xml:84:13-65
	android:launchMode
		ADDED from src\main\AndroidManifest.xml:85:13-48
	android:theme
		ADDED from src\main\AndroidManifest.xml:87:13-77
	android:name
		ADDED from src\main\AndroidManifest.xml:83:13-49
uses-sdk
INJECTED from src\main\AndroidManifest.xml reason: use-sdk injection requested
INJECTED from src\main\AndroidManifest.xml
INJECTED from src\main\AndroidManifest.xml
MERGED from [com.android.support:appcompat-v7:27.1.0] AndroidManifest.xml:20:5-44
MERGED from [com.android.support:appcompat-v7:27.1.0] AndroidManifest.xml:20:5-44
MERGED from [com.android.support:multidex:1.0.3] AndroidManifest.xml:20:5-43
MERGED from [com.android.support:multidex:1.0.3] AndroidManifest.xml:20:5-43
MERGED from [com.dji:dji-sdk:4.4.1] AndroidManifest.xml:7:5-9:41
MERGED from [com.dji:dji-sdk:4.4.1] AndroidManifest.xml:7:5-9:41
MERGED from [com.android.support:support-fragment:27.1.0] AndroidManifest.xml:20:5-44
MERGED from [com.android.support:support-fragment:27.1.0] AndroidManifest.xml:20:5-44
MERGED from [com.android.support:animated-vector-drawable:27.1.0] AndroidManifest.xml:20:5-44
MERGED from [com.android.support:animated-vector-drawable:27.1.0] AndroidManifest.xml:20:5-44
MERGED from [com.android.support:support-core-ui:27.1.0] AndroidManifest.xml:20:5-44
MERGED from [com.android.support:support-core-ui:27.1.0] AndroidManifest.xml:20:5-44
MERGED from [com.android.support:support-core-utils:27.1.0] AndroidManifest.xml:20:5-44
MERGED from [com.android.support:support-core-utils:27.1.0] AndroidManifest.xml:20:5-44
MERGED from [com.android.support:support-vector-drawable:27.1.0] AndroidManifest.xml:20:5-44
MERGED from [com.android.support:support-vector-drawable:27.1.0] AndroidManifest.xml:20:5-44
MERGED from [com.android.support:support-compat:27.1.0] AndroidManifest.xml:20:5-44
MERGED from [com.android.support:support-compat:27.1.0] AndroidManifest.xml:20:5-44
MERGED from [android.arch.lifecycle:livedata-core:1.1.0] AndroidManifest.xml:20:5-44
MERGED from [android.arch.lifecycle:livedata-core:1.1.0] AndroidManifest.xml:20:5-44
MERGED from [android.arch.lifecycle:viewmodel:1.1.0] AndroidManifest.xml:20:5-44
MERGED from [android.arch.lifecycle:viewmodel:1.1.0] AndroidManifest.xml:20:5-44
MERGED from [android.arch.lifecycle:runtime:1.1.0] AndroidManifest.xml:20:5-44
MERGED from [android.arch.lifecycle:runtime:1.1.0] AndroidManifest.xml:20:5-44
MERGED from [android.arch.core:runtime:1.1.0] AndroidManifest.xml:20:5-44
MERGED from [android.arch.core:runtime:1.1.0] AndroidManifest.xml:20:5-44
INJECTED from src\main\AndroidManifest.xml
INJECTED from src\main\AndroidManifest.xml
	android:targetSdkVersion
		INJECTED from src\main\AndroidManifest.xml
		ADDED from src\main\AndroidManifest.xml
		INJECTED from src\main\AndroidManifest.xml
	android:minSdkVersion
		INJECTED from src\main\AndroidManifest.xml
		ADDED from src\main\AndroidManifest.xml
		INJECTED from src\main\AndroidManifest.xml
uses-permission#com.google.android.providers.gsf.permission.READ_GSERVICES
ADDED from [com.dji:dji-sdk:4.4.1] AndroidManifest.xml:14:5-98
	android:name
		ADDED from [com.dji:dji-sdk:4.4.1] AndroidManifest.xml:14:22-95
uses-permission#android.permission.WRITE_USER_DICTIONARY
ADDED from [com.dji:dji-sdk:4.4.1] AndroidManifest.xml:16:5-80
	android:name
		ADDED from [com.dji:dji-sdk:4.4.1] AndroidManifest.xml:16:22-77
uses-permission#android.permission.CHANGE_CONFIGURATION
ADDED from [com.dji:dji-sdk:4.4.1] AndroidManifest.xml:19:5-79
	android:name
		ADDED from [com.dji:dji-sdk:4.4.1] AndroidManifest.xml:19:22-76
uses-permission#android.permission.CHANGE_NETWORK_STATE
ADDED from [com.dji:dji-sdk:4.4.1] AndroidManifest.xml:22:5-79
	android:name
		ADDED from [com.dji:dji-sdk:4.4.1] AndroidManifest.xml:22:22-76
uses-permission#android.permission.RECORD_AUDIO
ADDED from [com.dji:dji-sdk:4.4.1] AndroidManifest.xml:24:5-71
	android:name
		ADDED from [com.dji:dji-sdk:4.4.1] AndroidManifest.xml:24:22-68
uses-permission#android.permission.CAMERA
ADDED from [com.dji:dji-sdk:4.4.1] AndroidManifest.xml:25:5-65
	android:name
		ADDED from [com.dji:dji-sdk:4.4.1] AndroidManifest.xml:25:22-62
uses-permission#android.permission.RECEIVE_BOOT_COMPLETED
ADDED from [com.dji:dji-sdk:4.4.1] AndroidManifest.xml:29:5-81
	android:name
		ADDED from [com.dji:dji-sdk:4.4.1] AndroidManifest.xml:29:22-78
uses-permission#android.permission.BROADCAST_STICKY
ADDED from [com.dji:dji-sdk:4.4.1] AndroidManifest.xml:30:5-75
	android:name
		ADDED from [com.dji:dji-sdk:4.4.1] AndroidManifest.xml:30:22-72
uses-permission#android.permission.WRITE_SETTINGS
ADDED from [com.dji:dji-sdk:4.4.1] AndroidManifest.xml:31:5-73
	android:name
		ADDED from [com.dji:dji-sdk:4.4.1] AndroidManifest.xml:31:22-70
uses-permission#android.permission.RECEIVE_USER_PRESENT
ADDED from [com.dji:dji-sdk:4.4.1] AndroidManifest.xml:32:5-79
	android:name
		ADDED from [com.dji:dji-sdk:4.4.1] AndroidManifest.xml:32:22-76
uses-permission#android.permission.KILL_BACKGROUND_PROCESSES
ADDED from [com.dji:dji-sdk:4.4.1] AndroidManifest.xml:33:5-84
	android:name
		ADDED from [com.dji:dji-sdk:4.4.1] AndroidManifest.xml:33:22-81
uses-permission#android.permission.READ_LOGS
ADDED from [com.dji:dji-sdk:4.4.1] AndroidManifest.xml:34:5-68
	android:name
		ADDED from [com.dji:dji-sdk:4.4.1] AndroidManifest.xml:34:22-65
uses-permission#android.permission.GET_TASKS
ADDED from [com.dji:dji-sdk:4.4.1] AndroidManifest.xml:38:5-68
	android:name
		ADDED from [com.dji:dji-sdk:4.4.1] AndroidManifest.xml:38:22-65
uses-permission#android.permission.MANAGE_ACCOUNTS
ADDED from [com.dji:dji-sdk:4.4.1] AndroidManifest.xml:41:5-74
	android:name
		ADDED from [com.dji:dji-sdk:4.4.1] AndroidManifest.xml:41:22-71
uses-permission#android.permission.GET_ACCOUNTS
ADDED from [com.dji:dji-sdk:4.4.1] AndroidManifest.xml:42:5-71
	android:name
		ADDED from [com.dji:dji-sdk:4.4.1] AndroidManifest.xml:42:22-68
uses-permission#android.permission.RAISED_THREAD_PRIORITY
ADDED from [com.dji:dji-sdk:4.4.1] AndroidManifest.xml:43:5-81
	android:name
		ADDED from [com.dji:dji-sdk:4.4.1] AndroidManifest.xml:43:22-78
uses-permission#android.permission.INTERACT_ACROSS_USERS_FULL
ADDED from [com.dji:dji-sdk:4.4.1] AndroidManifest.xml:44:5-85
	android:name
		ADDED from [com.dji:dji-sdk:4.4.1] AndroidManifest.xml:44:22-82
uses-permission#android.permission.USE_CREDENTIALS
ADDED from [com.dji:dji-sdk:4.4.1] AndroidManifest.xml:50:5-74
	android:name
		ADDED from [com.dji:dji-sdk:4.4.1] AndroidManifest.xml:50:22-71
service#dji.pilot.flyforbid.FlyforbidUpdateService
ADDED from [com.dji:dji-sdk:4.4.1] AndroidManifest.xml:64:9-66:43
	android:stopWithTask
		ADDED from [com.dji:dji-sdk:4.4.1] AndroidManifest.xml:66:13-40
	android:name
		ADDED from [com.dji:dji-sdk:4.4.1] AndroidManifest.xml:65:13-70
receiver#dji.logic.receiver.DJIPilotStartupReceiver
ADDED from [com.dji:dji-sdk:4.4.1] AndroidManifest.xml:68:9-75:20
	android:exported
		ADDED from [com.dji:dji-sdk:4.4.1] AndroidManifest.xml:70:13-36
	android:name
		ADDED from [com.dji:dji-sdk:4.4.1] AndroidManifest.xml:69:13-70
intent-filter#action:name:dji.go3.STARTUP+action:name:dji.go4.STARTUP
ADDED from [com.dji:dji-sdk:4.4.1] AndroidManifest.xml:71:13-74:29
action#dji.go3.STARTUP
ADDED from [com.dji:dji-sdk:4.4.1] AndroidManifest.xml:72:17-58
	android:name
		ADDED from [com.dji:dji-sdk:4.4.1] AndroidManifest.xml:72:25-55
action#dji.go4.STARTUP
ADDED from [com.dji:dji-sdk:4.4.1] AndroidManifest.xml:73:17-58
	android:name
		ADDED from [com.dji:dji-sdk:4.4.1] AndroidManifest.xml:73:25-55